{"/Users/aanandi/Documents/notes/server.js": {"path":"/Users/aanandi/Documents/notes/server.js","statementMap":{"0":{"start":{"line":1,"column":16},"end":{"line":1,"column":34}},"1":{"start":{"line":2,"column":19},"end":{"line":2,"column":41}},"2":{"start":{"line":3,"column":15},"end":{"line":3,"column":32}},"3":{"start":{"line":4,"column":16},"end":{"line":4,"column":54}},"4":{"start":{"line":5,"column":11},"end":{"line":5,"column":33}},"5":{"start":{"line":7,"column":19},"end":{"line":7,"column":47}},"6":{"start":{"line":8,"column":19},"end":{"line":8,"column":48}},"7":{"start":{"line":10,"column":12},"end":{"line":10,"column":21}},"8":{"start":{"line":12,"column":0},"end":{"line":12,"column":27}},"9":{"start":{"line":13,"column":0},"end":{"line":13,"column":28}},"10":{"start":{"line":15,"column":0},"end":{"line":15,"column":33}},"11":{"start":{"line":16,"column":0},"end":{"line":16,"column":43}},"12":{"start":{"line":18,"column":13},"end":{"line":18,"column":37}},"13":{"start":{"line":20,"column":15},"end":{"line":22,"column":2}},"14":{"start":{"line":21,"column":2},"end":{"line":21,"column":51}},"15":{"start":{"line":24,"column":0},"end":{"line":24,"column":24}}},"fnMap":{"0":{"name":"(anonymous_0)","decl":{"start":{"line":20,"column":32},"end":{"line":20,"column":33}},"loc":{"start":{"line":20,"column":38},"end":{"line":22,"column":1}},"line":20}},"branchMap":{"0":{"loc":{"start":{"line":18,"column":13},"end":{"line":18,"column":37}},"type":"binary-expr","locations":[{"start":{"line":18,"column":13},"end":{"line":18,"column":29}},{"start":{"line":18,"column":33},"end":{"line":18,"column":37}}],"line":18}},"s":{"0":1,"1":1,"2":1,"3":1,"4":1,"5":1,"6":1,"7":1,"8":1,"9":1,"10":1,"11":1,"12":1,"13":1,"14":1,"15":1},"f":{"0":1},"b":{"0":[1,1]},"_coverageSchema":"1a1c01bbd47fc00a2c39e90264f33305004495a9","hash":"5ddba3cc956ce18c338936db7dc1e3125547da6b"}
,"/Users/aanandi/Documents/notes/config/db.js": {"path":"/Users/aanandi/Documents/notes/config/db.js","statementMap":{"0":{"start":{"line":2,"column":17},"end":{"line":2,"column":36}},"1":{"start":{"line":4,"column":0},"end":{"line":7,"column":3}},"2":{"start":{"line":8,"column":11},"end":{"line":8,"column":30}},"3":{"start":{"line":10,"column":0},"end":{"line":10,"column":73}},"4":{"start":{"line":11,"column":0},"end":{"line":13,"column":3}},"5":{"start":{"line":12,"column":2},"end":{"line":12,"column":38}},"6":{"start":{"line":15,"column":0},"end":{"line":15,"column":26}}},"fnMap":{"0":{"name":"(anonymous_0)","decl":{"start":{"line":11,"column":16},"end":{"line":11,"column":17}},"loc":{"start":{"line":11,"column":22},"end":{"line":13,"column":1}},"line":11}},"branchMap":{},"s":{"0":1,"1":1,"2":1,"3":1,"4":1,"5":1,"6":1},"f":{"0":1},"b":{},"_coverageSchema":"1a1c01bbd47fc00a2c39e90264f33305004495a9","hash":"d8388f1e10c7611b0a98ae96e15d1236d26eca7d"}
,"/Users/aanandi/Documents/notes/src/controllers/authController.js": {"path":"/Users/aanandi/Documents/notes/src/controllers/authController.js","statementMap":{"0":{"start":{"line":2,"column":0},"end":{"line":2,"column":27}},"1":{"start":{"line":5,"column":13},"end":{"line":5,"column":38}},"2":{"start":{"line":6,"column":12},"end":{"line":6,"column":35}},"3":{"start":{"line":7,"column":15},"end":{"line":7,"column":32}},"4":{"start":{"line":10,"column":15},"end":{"line":36,"column":1}},"5":{"start":{"line":11,"column":2},"end":{"line":35,"column":3}},"6":{"start":{"line":13,"column":35},"end":{"line":13,"column":43}},"7":{"start":{"line":16,"column":25},"end":{"line":16,"column":57}},"8":{"start":{"line":17,"column":4},"end":{"line":19,"column":5}},"9":{"start":{"line":18,"column":6},"end":{"line":18,"column":72}},"10":{"start":{"line":22,"column":27},"end":{"line":22,"column":58}},"11":{"start":{"line":25,"column":20},"end":{"line":25,"column":68}},"12":{"start":{"line":26,"column":4},"end":{"line":26,"column":25}},"13":{"start":{"line":29,"column":24},"end":{"line":29,"column":111}},"14":{"start":{"line":30,"column":4},"end":{"line":30,"column":43}},"15":{"start":{"line":33,"column":4},"end":{"line":33,"column":25}},"16":{"start":{"line":34,"column":4},"end":{"line":34,"column":61}},"17":{"start":{"line":39,"column":14},"end":{"line":64,"column":1}},"18":{"start":{"line":40,"column":2},"end":{"line":63,"column":3}},"19":{"start":{"line":42,"column":35},"end":{"line":42,"column":43}},"20":{"start":{"line":45,"column":17},"end":{"line":45,"column":49}},"21":{"start":{"line":46,"column":4},"end":{"line":48,"column":5}},"22":{"start":{"line":47,"column":6},"end":{"line":47,"column":68}},"23":{"start":{"line":51,"column":26},"end":{"line":51,"column":71}},"24":{"start":{"line":52,"column":4},"end":{"line":54,"column":5}},"25":{"start":{"line":53,"column":6},"end":{"line":53,"column":68}},"26":{"start":{"line":57,"column":24},"end":{"line":57,"column":108}},"27":{"start":{"line":58,"column":4},"end":{"line":58,"column":43}},"28":{"start":{"line":61,"column":4},"end":{"line":61,"column":25}},"29":{"start":{"line":62,"column":4},"end":{"line":62,"column":61}},"30":{"start":{"line":67,"column":0},"end":{"line":70,"column":2}}},"fnMap":{"0":{"name":"(anonymous_0)","decl":{"start":{"line":10,"column":15},"end":{"line":10,"column":16}},"loc":{"start":{"line":10,"column":35},"end":{"line":36,"column":1}},"line":10},"1":{"name":"(anonymous_1)","decl":{"start":{"line":39,"column":14},"end":{"line":39,"column":15}},"loc":{"start":{"line":39,"column":34},"end":{"line":64,"column":1}},"line":39}},"branchMap":{"0":{"loc":{"start":{"line":17,"column":4},"end":{"line":19,"column":5}},"type":"if","locations":[{"start":{"line":17,"column":4},"end":{"line":19,"column":5}},{"start":{},"end":{}}],"line":17},"1":{"loc":{"start":{"line":46,"column":4},"end":{"line":48,"column":5}},"type":"if","locations":[{"start":{"line":46,"column":4},"end":{"line":48,"column":5}},{"start":{},"end":{}}],"line":46},"2":{"loc":{"start":{"line":52,"column":4},"end":{"line":54,"column":5}},"type":"if","locations":[{"start":{"line":52,"column":4},"end":{"line":54,"column":5}},{"start":{},"end":{}}],"line":52}},"s":{"0":1,"1":1,"2":1,"3":1,"4":1,"5":2,"6":2,"7":2,"8":2,"9":2,"10":0,"11":0,"12":0,"13":0,"14":0,"15":0,"16":0,"17":1,"18":2,"19":2,"20":2,"21":2,"22":0,"23":2,"24":2,"25":1,"26":1,"27":1,"28":0,"29":0,"30":1},"f":{"0":2,"1":2},"b":{"0":[2,0],"1":[0,2],"2":[1,1]},"_coverageSchema":"1a1c01bbd47fc00a2c39e90264f33305004495a9","hash":"0f04267299030b223acb3a383dbc917e572d4e4a"}
,"/Users/aanandi/Documents/notes/src/controllers/noteController.js": {"path":"/Users/aanandi/Documents/notes/src/controllers/noteController.js","statementMap":{"0":{"start":{"line":2,"column":21},"end":{"line":2,"column":46}},"1":{"start":{"line":3,"column":13},"end":{"line":3,"column":38}},"2":{"start":{"line":4,"column":13},"end":{"line":4,"column":38}},"3":{"start":{"line":5,"column":17},"end":{"line":5,"column":36}},"4":{"start":{"line":8,"column":20},"end":{"line":25,"column":1}},"5":{"start":{"line":9,"column":2},"end":{"line":24,"column":3}},"6":{"start":{"line":10,"column":19},"end":{"line":10,"column":34}},"7":{"start":{"line":13,"column":18},"end":{"line":18,"column":6}},"8":{"start":{"line":20,"column":4},"end":{"line":20,"column":20}},"9":{"start":{"line":22,"column":4},"end":{"line":22,"column":25}},"10":{"start":{"line":23,"column":4},"end":{"line":23,"column":61}},"11":{"start":{"line":28,"column":20},"end":{"line":51,"column":1}},"12":{"start":{"line":29,"column":2},"end":{"line":50,"column":3}},"13":{"start":{"line":30,"column":19},"end":{"line":30,"column":34}},"14":{"start":{"line":31,"column":19},"end":{"line":31,"column":32}},"15":{"start":{"line":34,"column":17},"end":{"line":40,"column":6}},"16":{"start":{"line":42,"column":4},"end":{"line":44,"column":5}},"17":{"start":{"line":43,"column":6},"end":{"line":43,"column":63}},"18":{"start":{"line":46,"column":4},"end":{"line":46,"column":19}},"19":{"start":{"line":48,"column":4},"end":{"line":48,"column":25}},"20":{"start":{"line":49,"column":4},"end":{"line":49,"column":61}},"21":{"start":{"line":54,"column":19},"end":{"line":69,"column":1}},"22":{"start":{"line":55,"column":2},"end":{"line":68,"column":3}},"23":{"start":{"line":56,"column":19},"end":{"line":56,"column":34}},"24":{"start":{"line":57,"column":31},"end":{"line":57,"column":39}},"25":{"start":{"line":58,"column":4},"end":{"line":58,"column":45}},"26":{"start":{"line":61,"column":20},"end":{"line":61,"column":56}},"27":{"start":{"line":62,"column":4},"end":{"line":62,"column":25}},"28":{"start":{"line":64,"column":4},"end":{"line":64,"column":34}},"29":{"start":{"line":66,"column":4},"end":{"line":66,"column":25}},"30":{"start":{"line":67,"column":4},"end":{"line":67,"column":61}},"31":{"start":{"line":72,"column":19},"end":{"line":93,"column":1}},"32":{"start":{"line":73,"column":2},"end":{"line":92,"column":3}},"33":{"start":{"line":74,"column":19},"end":{"line":74,"column":34}},"34":{"start":{"line":75,"column":19},"end":{"line":75,"column":32}},"35":{"start":{"line":76,"column":31},"end":{"line":76,"column":39}},"36":{"start":{"line":78,"column":24},"end":{"line":82,"column":5}},"37":{"start":{"line":84,"column":4},"end":{"line":86,"column":5}},"38":{"start":{"line":85,"column":6},"end":{"line":85,"column":63}},"39":{"start":{"line":88,"column":4},"end":{"line":88,"column":26}},"40":{"start":{"line":90,"column":4},"end":{"line":90,"column":25}},"41":{"start":{"line":91,"column":4},"end":{"line":91,"column":61}},"42":{"start":{"line":96,"column":19},"end":{"line":112,"column":1}},"43":{"start":{"line":97,"column":2},"end":{"line":111,"column":3}},"44":{"start":{"line":98,"column":19},"end":{"line":98,"column":34}},"45":{"start":{"line":99,"column":19},"end":{"line":99,"column":32}},"46":{"start":{"line":101,"column":24},"end":{"line":101,"column":76}},"47":{"start":{"line":103,"column":4},"end":{"line":105,"column":5}},"48":{"start":{"line":104,"column":6},"end":{"line":104,"column":63}},"49":{"start":{"line":107,"column":4},"end":{"line":107,"column":26}},"50":{"start":{"line":109,"column":4},"end":{"line":109,"column":25}},"51":{"start":{"line":110,"column":4},"end":{"line":110,"column":61}},"52":{"start":{"line":115,"column":18},"end":{"line":156,"column":1}},"53":{"start":{"line":116,"column":2},"end":{"line":155,"column":3}},"54":{"start":{"line":117,"column":19},"end":{"line":117,"column":34}},"55":{"start":{"line":118,"column":19},"end":{"line":118,"column":32}},"56":{"start":{"line":119,"column":29},"end":{"line":119,"column":37}},"57":{"start":{"line":121,"column":4},"end":{"line":121,"column":35}},"58":{"start":{"line":122,"column":4},"end":{"line":122,"column":35}},"59":{"start":{"line":125,"column":17},"end":{"line":125,"column":68}},"60":{"start":{"line":127,"column":4},"end":{"line":127,"column":22}},"61":{"start":{"line":128,"column":4},"end":{"line":130,"column":5}},"62":{"start":{"line":129,"column":6},"end":{"line":129,"column":63}},"63":{"start":{"line":133,"column":23},"end":{"line":133,"column":56}},"64":{"start":{"line":136,"column":4},"end":{"line":138,"column":5}},"65":{"start":{"line":137,"column":6},"end":{"line":137,"column":63}},"66":{"start":{"line":141,"column":4},"end":{"line":143,"column":5}},"67":{"start":{"line":142,"column":6},"end":{"line":142,"column":86}},"68":{"start":{"line":146,"column":4},"end":{"line":146,"column":39}},"69":{"start":{"line":149,"column":4},"end":{"line":149,"column":22}},"70":{"start":{"line":151,"column":4},"end":{"line":151,"column":54}},"71":{"start":{"line":153,"column":4},"end":{"line":153,"column":25}},"72":{"start":{"line":154,"column":4},"end":{"line":154,"column":61}},"73":{"start":{"line":159,"column":20},"end":{"line":184,"column":1}},"74":{"start":{"line":160,"column":2},"end":{"line":183,"column":3}},"75":{"start":{"line":161,"column":19},"end":{"line":161,"column":34}},"76":{"start":{"line":162,"column":18},"end":{"line":162,"column":29}},"77":{"start":{"line":164,"column":18},"end":{"line":171,"column":6}},"78":{"start":{"line":174,"column":28},"end":{"line":177,"column":6}},"79":{"start":{"line":176,"column":6},"end":{"line":176,"column":76}},"80":{"start":{"line":179,"column":4},"end":{"line":179,"column":30}},"81":{"start":{"line":181,"column":4},"end":{"line":181,"column":25}},"82":{"start":{"line":182,"column":4},"end":{"line":182,"column":61}},"83":{"start":{"line":186,"column":0},"end":{"line":194,"column":2}}},"fnMap":{"0":{"name":"(anonymous_0)","decl":{"start":{"line":8,"column":20},"end":{"line":8,"column":21}},"loc":{"start":{"line":8,"column":40},"end":{"line":25,"column":1}},"line":8},"1":{"name":"(anonymous_1)","decl":{"start":{"line":28,"column":20},"end":{"line":28,"column":21}},"loc":{"start":{"line":28,"column":40},"end":{"line":51,"column":1}},"line":28},"2":{"name":"(anonymous_2)","decl":{"start":{"line":54,"column":19},"end":{"line":54,"column":20}},"loc":{"start":{"line":54,"column":39},"end":{"line":69,"column":1}},"line":54},"3":{"name":"(anonymous_3)","decl":{"start":{"line":72,"column":19},"end":{"line":72,"column":20}},"loc":{"start":{"line":72,"column":39},"end":{"line":93,"column":1}},"line":72},"4":{"name":"(anonymous_4)","decl":{"start":{"line":96,"column":19},"end":{"line":96,"column":20}},"loc":{"start":{"line":96,"column":39},"end":{"line":112,"column":1}},"line":96},"5":{"name":"(anonymous_5)","decl":{"start":{"line":115,"column":18},"end":{"line":115,"column":19}},"loc":{"start":{"line":115,"column":38},"end":{"line":156,"column":1}},"line":115},"6":{"name":"(anonymous_6)","decl":{"start":{"line":159,"column":20},"end":{"line":159,"column":21}},"loc":{"start":{"line":159,"column":40},"end":{"line":184,"column":1}},"line":159},"7":{"name":"(anonymous_7)","decl":{"start":{"line":174,"column":41},"end":{"line":174,"column":42}},"loc":{"start":{"line":174,"column":49},"end":{"line":177,"column":5}},"line":174}},"branchMap":{"0":{"loc":{"start":{"line":42,"column":4},"end":{"line":44,"column":5}},"type":"if","locations":[{"start":{"line":42,"column":4},"end":{"line":44,"column":5}},{"start":{},"end":{}}],"line":42},"1":{"loc":{"start":{"line":84,"column":4},"end":{"line":86,"column":5}},"type":"if","locations":[{"start":{"line":84,"column":4},"end":{"line":86,"column":5}},{"start":{},"end":{}}],"line":84},"2":{"loc":{"start":{"line":103,"column":4},"end":{"line":105,"column":5}},"type":"if","locations":[{"start":{"line":103,"column":4},"end":{"line":105,"column":5}},{"start":{},"end":{}}],"line":103},"3":{"loc":{"start":{"line":128,"column":4},"end":{"line":130,"column":5}},"type":"if","locations":[{"start":{"line":128,"column":4},"end":{"line":130,"column":5}},{"start":{},"end":{}}],"line":128},"4":{"loc":{"start":{"line":136,"column":4},"end":{"line":138,"column":5}},"type":"if","locations":[{"start":{"line":136,"column":4},"end":{"line":138,"column":5}},{"start":{},"end":{}}],"line":136},"5":{"loc":{"start":{"line":141,"column":4},"end":{"line":143,"column":5}},"type":"if","locations":[{"start":{"line":141,"column":4},"end":{"line":143,"column":5}},{"start":{},"end":{}}],"line":141},"6":{"loc":{"start":{"line":176,"column":13},"end":{"line":176,"column":75}},"type":"binary-expr","locations":[{"start":{"line":176,"column":13},"end":{"line":176,"column":39}},{"start":{"line":176,"column":43},"end":{"line":176,"column":75}}],"line":176}},"s":{"0":2,"1":2,"2":2,"3":2,"4":2,"5":2,"6":2,"7":2,"8":1,"9":1,"10":1,"11":2,"12":3,"13":3,"14":3,"15":3,"16":2,"17":1,"18":1,"19":1,"20":1,"21":2,"22":2,"23":2,"24":2,"25":2,"26":2,"27":2,"28":1,"29":1,"30":1,"31":2,"32":3,"33":3,"34":3,"35":3,"36":3,"37":2,"38":1,"39":1,"40":1,"41":1,"42":2,"43":3,"44":3,"45":3,"46":3,"47":2,"48":1,"49":1,"50":1,"51":1,"52":2,"53":5,"54":5,"55":5,"56":5,"57":5,"58":5,"59":5,"60":4,"61":4,"62":1,"63":3,"64":3,"65":1,"66":2,"67":1,"68":1,"69":1,"70":0,"71":2,"72":2,"73":2,"74":2,"75":2,"76":2,"77":2,"78":1,"79":2,"80":1,"81":1,"82":1,"83":2},"f":{"0":2,"1":3,"2":2,"3":3,"4":3,"5":5,"6":2,"7":2},"b":{"0":[1,1],"1":[1,1],"2":[1,1],"3":[1,3],"4":[1,2],"5":[1,1],"6":[2,0]},"_coverageSchema":"1a1c01bbd47fc00a2c39e90264f33305004495a9","hash":"38718d43190c3bb29c0e9dc83e50442a1cfe03c6"}
,"/Users/aanandi/Documents/notes/src/middlewares/auth.js": {"path":"/Users/aanandi/Documents/notes/src/middlewares/auth.js","statementMap":{"0":{"start":{"line":1,"column":12},"end":{"line":1,"column":35}},"1":{"start":{"line":4,"column":25},"end":{"line":37,"column":1}},"2":{"start":{"line":6,"column":21},"end":{"line":6,"column":48}},"3":{"start":{"line":9,"column":2},"end":{"line":11,"column":3}},"4":{"start":{"line":10,"column":4},"end":{"line":10,"column":92}},"5":{"start":{"line":14,"column":16},"end":{"line":14,"column":40}},"6":{"start":{"line":16,"column":2},"end":{"line":36,"column":3}},"7":{"start":{"line":18,"column":4},"end":{"line":32,"column":7}},"8":{"start":{"line":20,"column":6},"end":{"line":23,"column":7}},"9":{"start":{"line":21,"column":8},"end":{"line":21,"column":27}},"10":{"start":{"line":22,"column":8},"end":{"line":22,"column":35}},"11":{"start":{"line":25,"column":6},"end":{"line":25,"column":41}},"12":{"start":{"line":28,"column":6},"end":{"line":28,"column":22}},"13":{"start":{"line":31,"column":6},"end":{"line":31,"column":13}},"14":{"start":{"line":34,"column":4},"end":{"line":34,"column":25}},"15":{"start":{"line":35,"column":4},"end":{"line":35,"column":67}},"16":{"start":{"line":39,"column":0},"end":{"line":39,"column":34}}},"fnMap":{"0":{"name":"(anonymous_0)","decl":{"start":{"line":4,"column":25},"end":{"line":4,"column":26}},"loc":{"start":{"line":4,"column":45},"end":{"line":37,"column":1}},"line":4},"1":{"name":"(anonymous_1)","decl":{"start":{"line":18,"column":55},"end":{"line":18,"column":56}},"loc":{"start":{"line":18,"column":70},"end":{"line":32,"column":5}},"line":18}},"branchMap":{"0":{"loc":{"start":{"line":9,"column":2},"end":{"line":11,"column":3}},"type":"if","locations":[{"start":{"line":9,"column":2},"end":{"line":11,"column":3}},{"start":{},"end":{}}],"line":9},"1":{"loc":{"start":{"line":9,"column":6},"end":{"line":9,"column":54}},"type":"binary-expr","locations":[{"start":{"line":9,"column":6},"end":{"line":9,"column":17}},{"start":{"line":9,"column":21},"end":{"line":9,"column":54}}],"line":9},"2":{"loc":{"start":{"line":20,"column":6},"end":{"line":23,"column":7}},"type":"if","locations":[{"start":{"line":20,"column":6},"end":{"line":23,"column":7}},{"start":{},"end":{}}],"line":20}},"s":{"0":2,"1":2,"2":4,"3":4,"4":1,"5":3,"6":3,"7":3,"8":3,"9":2,"10":2,"11":1,"12":1,"13":1,"14":1,"15":1,"16":2},"f":{"0":4,"1":3},"b":{"0":[1,3],"1":[4,3],"2":[2,1]},"_coverageSchema":"1a1c01bbd47fc00a2c39e90264f33305004495a9","hash":"b6d8f90121c25aeb37e73ffda95f8ec48416d767"}
,"/Users/aanandi/Documents/notes/src/middlewares/rateLimit.js": {"path":"/Users/aanandi/Documents/notes/src/middlewares/rateLimit.js","statementMap":{"0":{"start":{"line":1,"column":18},"end":{"line":1,"column":47}},"1":{"start":{"line":4,"column":16},"end":{"line":7,"column":2}},"2":{"start":{"line":10,"column":0},"end":{"line":10,"column":25}}},"fnMap":{},"branchMap":{},"s":{"0":2,"1":2,"2":2},"f":{},"b":{},"_coverageSchema":"1a1c01bbd47fc00a2c39e90264f33305004495a9","hash":"d34b2f71d402453289249a954546e5a832851b6d"}
,"/Users/aanandi/Documents/notes/src/models/Note.js": {"path":"/Users/aanandi/Documents/notes/src/models/Note.js","statementMap":{"0":{"start":{"line":1,"column":17},"end":{"line":1,"column":36}},"1":{"start":{"line":4,"column":19},"end":{"line":9,"column":2}},"2":{"start":{"line":12,"column":0},"end":{"line":12,"column":53}},"3":{"start":{"line":15,"column":0},"end":{"line":15,"column":52}}},"fnMap":{},"branchMap":{},"s":{"0":2,"1":2,"2":2,"3":2},"f":{},"b":{},"_coverageSchema":"1a1c01bbd47fc00a2c39e90264f33305004495a9","hash":"6f819383cfae64e40d1151905edb7c42f8abcb5b"}
,"/Users/aanandi/Documents/notes/src/models/User.js": {"path":"/Users/aanandi/Documents/notes/src/models/User.js","statementMap":{"0":{"start":{"line":1,"column":17},"end":{"line":1,"column":36}},"1":{"start":{"line":4,"column":19},"end":{"line":7,"column":2}},"2":{"start":{"line":10,"column":0},"end":{"line":10,"column":52}}},"fnMap":{},"branchMap":{},"s":{"0":2,"1":2,"2":2},"f":{},"b":{},"_coverageSchema":"1a1c01bbd47fc00a2c39e90264f33305004495a9","hash":"de7806456ab274da85e2b24543774d882bb97373"}
,"/Users/aanandi/Documents/notes/src/routes/auth.js": {"path":"/Users/aanandi/Documents/notes/src/routes/auth.js","statementMap":{"0":{"start":{"line":1,"column":16},"end":{"line":1,"column":34}},"1":{"start":{"line":2,"column":23},"end":{"line":2,"column":63}},"2":{"start":{"line":5,"column":15},"end":{"line":5,"column":31}},"3":{"start":{"line":8,"column":0},"end":{"line":8,"column":46}},"4":{"start":{"line":9,"column":0},"end":{"line":9,"column":44}},"5":{"start":{"line":12,"column":0},"end":{"line":12,"column":24}}},"fnMap":{},"branchMap":{},"s":{"0":1,"1":1,"2":1,"3":1,"4":1,"5":1},"f":{},"b":{},"_coverageSchema":"1a1c01bbd47fc00a2c39e90264f33305004495a9","hash":"9b5dfacbd2c7b5c020afffae740a65ebcdba807c"}
,"/Users/aanandi/Documents/notes/src/routes/notes.js": {"path":"/Users/aanandi/Documents/notes/src/routes/notes.js","statementMap":{"0":{"start":{"line":1,"column":16},"end":{"line":1,"column":34}},"1":{"start":{"line":2,"column":23},"end":{"line":2,"column":53}},"2":{"start":{"line":3,"column":23},"end":{"line":3,"column":63}},"3":{"start":{"line":5,"column":15},"end":{"line":5,"column":31}},"4":{"start":{"line":7,"column":0},"end":{"line":7,"column":27}},"5":{"start":{"line":10,"column":0},"end":{"line":10,"column":44}},"6":{"start":{"line":13,"column":0},"end":{"line":13,"column":47}},"7":{"start":{"line":16,"column":0},"end":{"line":16,"column":44}},"8":{"start":{"line":19,"column":0},"end":{"line":19,"column":46}},"9":{"start":{"line":22,"column":0},"end":{"line":22,"column":49}},"10":{"start":{"line":25,"column":0},"end":{"line":25,"column":52}},"11":{"start":{"line":28,"column":0},"end":{"line":28,"column":54}},"12":{"start":{"line":30,"column":0},"end":{"line":30,"column":24}}},"fnMap":{},"branchMap":{},"s":{"0":1,"1":1,"2":1,"3":1,"4":1,"5":1,"6":1,"7":1,"8":1,"9":1,"10":1,"11":1,"12":1},"f":{},"b":{},"_coverageSchema":"1a1c01bbd47fc00a2c39e90264f33305004495a9","hash":"29b19137a759f22926eb34bcb6b283fb7b64d15c"}
}
