TN:
SF:server.js
FN:20,(anonymous_0)
FNF:1
FNH:1
FNDA:1,(anonymous_0)
DA:1,1
DA:2,1
DA:3,1
DA:4,1
DA:5,1
DA:7,1
DA:8,1
DA:10,1
DA:12,1
DA:13,1
DA:15,1
DA:16,1
DA:18,1
DA:20,1
DA:21,1
DA:24,1
LF:16
LH:16
BRDA:18,0,0,1
BRDA:18,0,1,1
BRF:2
BRH:2
end_of_record
TN:
SF:config/db.js
FN:11,(anonymous_0)
FNF:1
FNH:1
FNDA:1,(anonymous_0)
DA:2,1
DA:4,1
DA:8,1
DA:10,1
DA:11,1
DA:12,1
DA:15,1
LF:7
LH:7
BRF:0
BRH:0
end_of_record
TN:
SF:src/controllers/authController.js
FN:10,(anonymous_0)
FN:39,(anonymous_1)
FNF:2
FNH:2
FNDA:2,(anonymous_0)
FNDA:2,(anonymous_1)
DA:2,1
DA:5,1
DA:6,1
DA:7,1
DA:10,1
DA:11,2
DA:13,2
DA:16,2
DA:17,2
DA:18,2
DA:22,0
DA:25,0
DA:26,0
DA:29,0
DA:30,0
DA:33,0
DA:34,0
DA:39,1
DA:40,2
DA:42,2
DA:45,2
DA:46,2
DA:47,0
DA:51,2
DA:52,2
DA:53,1
DA:57,1
DA:58,1
DA:61,0
DA:62,0
DA:67,1
LF:31
LH:21
BRDA:17,0,0,2
BRDA:17,0,1,0
BRDA:46,1,0,0
BRDA:46,1,1,2
BRDA:52,2,0,1
BRDA:52,2,1,1
BRF:6
BRH:4
end_of_record
TN:
SF:src/controllers/noteController.js
FN:8,(anonymous_0)
FN:28,(anonymous_1)
FN:54,(anonymous_2)
FN:72,(anonymous_3)
FN:96,(anonymous_4)
FN:115,(anonymous_5)
FN:159,(anonymous_6)
FN:174,(anonymous_7)
FNF:8
FNH:8
FNDA:2,(anonymous_0)
FNDA:3,(anonymous_1)
FNDA:2,(anonymous_2)
FNDA:3,(anonymous_3)
FNDA:3,(anonymous_4)
FNDA:5,(anonymous_5)
FNDA:2,(anonymous_6)
FNDA:2,(anonymous_7)
DA:2,2
DA:3,2
DA:4,2
DA:5,2
DA:8,2
DA:9,2
DA:10,2
DA:13,2
DA:20,1
DA:22,1
DA:23,1
DA:28,2
DA:29,3
DA:30,3
DA:31,3
DA:34,3
DA:42,2
DA:43,1
DA:46,1
DA:48,1
DA:49,1
DA:54,2
DA:55,2
DA:56,2
DA:57,2
DA:58,2
DA:61,2
DA:62,2
DA:64,1
DA:66,1
DA:67,1
DA:72,2
DA:73,3
DA:74,3
DA:75,3
DA:76,3
DA:78,3
DA:84,2
DA:85,1
DA:88,1
DA:90,1
DA:91,1
DA:96,2
DA:97,3
DA:98,3
DA:99,3
DA:101,3
DA:103,2
DA:104,1
DA:107,1
DA:109,1
DA:110,1
DA:115,2
DA:116,5
DA:117,5
DA:118,5
DA:119,5
DA:121,5
DA:122,5
DA:125,5
DA:127,4
DA:128,4
DA:129,1
DA:133,3
DA:136,3
DA:137,1
DA:141,2
DA:142,1
DA:146,1
DA:149,1
DA:151,0
DA:153,2
DA:154,2
DA:159,2
DA:160,2
DA:161,2
DA:162,2
DA:164,2
DA:174,1
DA:176,2
DA:179,1
DA:181,1
DA:182,1
DA:186,2
LF:84
LH:83
BRDA:42,0,0,1
BRDA:42,0,1,1
BRDA:84,1,0,1
BRDA:84,1,1,1
BRDA:103,2,0,1
BRDA:103,2,1,1
BRDA:128,3,0,1
BRDA:128,3,1,3
BRDA:136,4,0,1
BRDA:136,4,1,2
BRDA:141,5,0,1
BRDA:141,5,1,1
BRDA:176,6,0,2
BRDA:176,6,1,0
BRF:14
BRH:13
end_of_record
TN:
SF:src/middlewares/auth.js
FN:4,(anonymous_0)
FN:18,(anonymous_1)
FNF:2
FNH:2
FNDA:4,(anonymous_0)
FNDA:3,(anonymous_1)
DA:1,2
DA:4,2
DA:6,4
DA:9,4
DA:10,1
DA:14,3
DA:16,3
DA:18,3
DA:20,3
DA:21,2
DA:22,2
DA:25,1
DA:28,1
DA:31,1
DA:34,1
DA:35,1
DA:39,2
LF:17
LH:17
BRDA:9,0,0,1
BRDA:9,0,1,3
BRDA:9,1,0,4
BRDA:9,1,1,3
BRDA:20,2,0,2
BRDA:20,2,1,1
BRF:6
BRH:6
end_of_record
TN:
SF:src/middlewares/rateLimit.js
FNF:0
FNH:0
DA:1,2
DA:4,2
DA:10,2
LF:3
LH:3
BRF:0
BRH:0
end_of_record
TN:
SF:src/models/Note.js
FNF:0
FNH:0
DA:1,2
DA:4,2
DA:12,2
DA:15,2
LF:4
LH:4
BRF:0
BRH:0
end_of_record
TN:
SF:src/models/User.js
FNF:0
FNH:0
DA:1,2
DA:4,2
DA:10,2
LF:3
LH:3
BRF:0
BRH:0
end_of_record
TN:
SF:src/routes/auth.js
FNF:0
FNH:0
DA:1,1
DA:2,1
DA:5,1
DA:8,1
DA:9,1
DA:12,1
LF:6
LH:6
BRF:0
BRH:0
end_of_record
TN:
SF:src/routes/notes.js
FNF:0
FNH:0
DA:1,1
DA:2,1
DA:3,1
DA:5,1
DA:7,1
DA:10,1
DA:13,1
DA:16,1
DA:19,1
DA:22,1
DA:25,1
DA:28,1
DA:30,1
LF:13
LH:13
BRF:0
BRH:0
end_of_record
